2024/03/19 17:59:31 [notice] 1#1: using the "epoll" event method
2024/03/19 17:59:31 [notice] 1#1: nginx/1.25.4
2024/03/19 17:59:31 [notice] 1#1: built by gcc 12.2.1 20220924 (Alpine 12.2.1_git20220924-r10) 
2024/03/19 17:59:31 [notice] 1#1: OS: Linux 6.6.16-linuxkit
2024/03/19 17:59:31 [notice] 1#1: getrlimit(RLIMIT_NOFILE): 1048576:1048576
2024/03/19 17:59:31 [notice] 1#1: start worker processes
2024/03/19 17:59:31 [notice] 1#1: start worker process 29
2024/03/19 17:59:31 [notice] 1#1: start worker process 30
2024/03/19 17:59:31 [notice] 1#1: start worker process 31
2024/03/19 17:59:31 [notice] 1#1: start worker process 32
2024/03/19 17:59:31 [notice] 1#1: start worker process 33
2024/03/19 17:59:31 [notice] 1#1: start worker process 34
2024/03/19 17:59:31 [notice] 1#1: start worker process 35
2024/03/19 17:59:31 [notice] 1#1: start worker process 36
2024/03/19 18:00:32 [notice] 1#1: signal 3 (SIGQUIT) received, shutting down
2024/03/19 18:00:32 [notice] 32#32: gracefully shutting down
2024/03/19 18:00:32 [notice] 32#32: exiting
2024/03/19 18:00:32 [notice] 32#32: exit
2024/03/19 18:00:32 [notice] 29#29: gracefully shutting down
2024/03/19 18:00:32 [notice] 31#31: gracefully shutting down
2024/03/19 18:00:32 [notice] 31#31: exiting
2024/03/19 18:00:32 [notice] 35#35: gracefully shutting down
2024/03/19 18:00:32 [notice] 30#30: gracefully shutting down
2024/03/19 18:00:32 [notice] 36#36: gracefully shutting down
2024/03/19 18:00:32 [notice] 33#33: gracefully shutting down
2024/03/19 18:00:32 [notice] 34#34: gracefully shutting down
2024/03/19 18:00:32 [notice] 34#34: exiting
2024/03/19 18:00:32 [notice] 29#29: exiting
2024/03/19 18:00:32 [notice] 31#31: exit
2024/03/19 18:00:32 [notice] 35#35: exiting
2024/03/19 18:00:32 [notice] 35#35: exit
2024/03/19 18:00:32 [notice] 30#30: exiting
2024/03/19 18:00:32 [notice] 36#36: exiting
2024/03/19 18:00:32 [notice] 33#33: exiting
2024/03/19 18:00:32 [notice] 33#33: exit
2024/03/19 18:00:32 [notice] 34#34: exit
2024/03/19 18:00:32 [notice] 29#29: exit
2024/03/19 18:00:32 [notice] 30#30: exit
2024/03/19 18:00:32 [notice] 1#1: signal 17 (SIGCHLD) received from 32
2024/03/19 18:00:32 [notice] 1#1: worker process 32 exited with code 0
2024/03/19 18:00:32 [notice] 36#36: exit
2024/03/19 18:00:32 [notice] 1#1: signal 29 (SIGIO) received
2024/03/19 18:00:32 [notice] 1#1: signal 17 (SIGCHLD) received from 31
2024/03/19 18:00:32 [notice] 1#1: worker process 31 exited with code 0
2024/03/19 18:00:32 [notice] 1#1: signal 29 (SIGIO) received
2024/03/19 18:00:32 [notice] 1#1: signal 17 (SIGCHLD) received from 35
2024/03/19 18:00:32 [notice] 1#1: worker process 33 exited with code 0
2024/03/19 18:00:32 [notice] 1#1: worker process 34 exited with code 0
2024/03/19 18:00:32 [notice] 1#1: worker process 35 exited with code 0
2024/03/19 18:00:32 [notice] 1#1: signal 29 (SIGIO) received
2024/03/19 18:00:32 [notice] 1#1: signal 17 (SIGCHLD) received from 33
2024/03/19 18:00:32 [notice] 1#1: signal 17 (SIGCHLD) received from 30
2024/03/19 18:00:32 [notice] 1#1: worker process 30 exited with code 0
2024/03/19 18:00:32 [notice] 1#1: signal 29 (SIGIO) received
2024/03/19 18:00:32 [notice] 1#1: signal 17 (SIGCHLD) received from 29
2024/03/19 18:00:32 [notice] 1#1: worker process 29 exited with code 0
2024/03/19 18:00:32 [notice] 1#1: signal 29 (SIGIO) received
2024/03/19 18:00:32 [notice] 1#1: signal 17 (SIGCHLD) received from 36
2024/03/19 18:00:32 [notice] 1#1: worker process 36 exited with code 0
2024/03/19 18:00:32 [notice] 1#1: exit
2024/03/19 18:00:34 [notice] 1#1: using the "epoll" event method
2024/03/19 18:00:34 [notice] 1#1: nginx/1.25.4
2024/03/19 18:00:34 [notice] 1#1: built by gcc 12.2.1 20220924 (Alpine 12.2.1_git20220924-r10) 
2024/03/19 18:00:34 [notice] 1#1: OS: Linux 6.6.16-linuxkit
2024/03/19 18:00:34 [notice] 1#1: getrlimit(RLIMIT_NOFILE): 1048576:1048576
2024/03/19 18:00:34 [notice] 1#1: start worker processes
2024/03/19 18:00:34 [notice] 1#1: start worker process 29
2024/03/19 18:00:34 [notice] 1#1: start worker process 30
2024/03/19 18:00:34 [notice] 1#1: start worker process 31
2024/03/19 18:00:34 [notice] 1#1: start worker process 32
2024/03/19 18:00:34 [notice] 1#1: start worker process 33
2024/03/19 18:00:34 [notice] 1#1: start worker process 34
2024/03/19 18:00:34 [notice] 1#1: start worker process 35
2024/03/19 18:00:34 [notice] 1#1: start worker process 36
2024/03/19 18:03:00 [notice] 1#1: signal 3 (SIGQUIT) received, shutting down
2024/03/19 18:03:00 [notice] 31#31: gracefully shutting down
2024/03/19 18:03:00 [notice] 29#29: gracefully shutting down
2024/03/19 18:03:00 [notice] 34#34: gracefully shutting down
2024/03/19 18:03:00 [notice] 34#34: exiting
2024/03/19 18:03:00 [notice] 32#32: gracefully shutting down
2024/03/19 18:03:00 [notice] 36#36: gracefully shutting down
2024/03/19 18:03:00 [notice] 36#36: exiting
2024/03/19 18:03:00 [notice] 33#33: gracefully shutting down
2024/03/19 18:03:00 [notice] 30#30: gracefully shutting down
2024/03/19 18:03:00 [notice] 35#35: gracefully shutting down
2024/03/19 18:03:00 [notice] 35#35: exiting
2024/03/19 18:03:00 [notice] 31#31: exiting
2024/03/19 18:03:00 [notice] 31#31: exit
2024/03/19 18:03:00 [notice] 29#29: exiting
2024/03/19 18:03:00 [notice] 32#32: exiting
2024/03/19 18:03:00 [notice] 32#32: exit
2024/03/19 18:03:00 [notice] 34#34: exit
2024/03/19 18:03:00 [notice] 36#36: exit
2024/03/19 18:03:00 [notice] 33#33: exiting
2024/03/19 18:03:00 [notice] 30#30: exiting
2024/03/19 18:03:00 [notice] 35#35: exit
2024/03/19 18:03:00 [notice] 29#29: exit
2024/03/19 18:03:00 [notice] 33#33: exit
2024/03/19 18:03:00 [notice] 30#30: exit
2024/03/19 18:03:00 [notice] 1#1: signal 17 (SIGCHLD) received from 31
2024/03/19 18:03:00 [notice] 1#1: worker process 31 exited with code 0
2024/03/19 18:03:00 [notice] 1#1: signal 29 (SIGIO) received
2024/03/19 18:03:00 [notice] 1#1: signal 17 (SIGCHLD) received from 34
2024/03/19 18:03:00 [notice] 1#1: worker process 32 exited with code 0
2024/03/19 18:03:00 [notice] 1#1: worker process 34 exited with code 0
2024/03/19 18:03:00 [notice] 1#1: signal 29 (SIGIO) received
2024/03/19 18:03:00 [notice] 1#1: signal 17 (SIGCHLD) received from 36
2024/03/19 18:03:00 [notice] 1#1: worker process 36 exited with code 0
2024/03/19 18:03:00 [notice] 1#1: signal 29 (SIGIO) received
2024/03/19 18:03:00 [notice] 1#1: signal 17 (SIGCHLD) received from 29
2024/03/19 18:03:00 [notice] 1#1: worker process 29 exited with code 0
2024/03/19 18:03:00 [notice] 1#1: signal 29 (SIGIO) received
2024/03/19 18:03:00 [notice] 1#1: signal 17 (SIGCHLD) received from 35
2024/03/19 18:03:00 [notice] 1#1: worker process 35 exited with code 0
2024/03/19 18:03:00 [notice] 1#1: worker process 30 exited with code 0
2024/03/19 18:03:00 [notice] 1#1: worker process 33 exited with code 0
2024/03/19 18:03:00 [notice] 1#1: exit
2024/03/19 18:03:03 [notice] 1#1: using the "epoll" event method
2024/03/19 18:03:03 [notice] 1#1: nginx/1.25.4
2024/03/19 18:03:03 [notice] 1#1: built by gcc 12.2.1 20220924 (Alpine 12.2.1_git20220924-r10) 
2024/03/19 18:03:03 [notice] 1#1: OS: Linux 6.6.16-linuxkit
2024/03/19 18:03:03 [notice] 1#1: getrlimit(RLIMIT_NOFILE): 1048576:1048576
2024/03/19 18:03:03 [notice] 1#1: start worker processes
2024/03/19 18:03:03 [notice] 1#1: start worker process 29
2024/03/19 18:03:03 [notice] 1#1: start worker process 30
2024/03/19 18:03:03 [notice] 1#1: start worker process 31
2024/03/19 18:03:03 [notice] 1#1: start worker process 32
2024/03/19 18:03:03 [notice] 1#1: start worker process 33
2024/03/19 18:03:03 [notice] 1#1: start worker process 34
2024/03/19 18:03:03 [notice] 1#1: start worker process 35
2024/03/19 18:03:03 [notice] 1#1: start worker process 36
2024/03/19 18:04:11 [notice] 1#1: signal 3 (SIGQUIT) received, shutting down
2024/03/19 18:04:11 [notice] 32#32: gracefully shutting down
2024/03/19 18:04:11 [notice] 32#32: exiting
2024/03/19 18:04:11 [notice] 35#35: gracefully shutting down
2024/03/19 18:04:11 [notice] 35#35: exiting
2024/03/19 18:04:11 [notice] 36#36: gracefully shutting down
2024/03/19 18:04:11 [notice] 36#36: exiting
2024/03/19 18:04:11 [notice] 30#30: gracefully shutting down
2024/03/19 18:04:11 [notice] 29#29: gracefully shutting down
2024/03/19 18:04:11 [notice] 31#31: gracefully shutting down
2024/03/19 18:04:11 [notice] 34#34: gracefully shutting down
2024/03/19 18:04:11 [notice] 34#34: exiting
2024/03/19 18:04:11 [notice] 33#33: gracefully shutting down
2024/03/19 18:04:11 [notice] 33#33: exiting
2024/03/19 18:04:11 [notice] 32#32: exit
2024/03/19 18:04:11 [notice] 35#35: exit
2024/03/19 18:04:11 [notice] 36#36: exit
2024/03/19 18:04:11 [notice] 30#30: exiting
2024/03/19 18:04:11 [notice] 29#29: exiting
2024/03/19 18:04:11 [notice] 31#31: exiting
2024/03/19 18:04:11 [notice] 34#34: exit
2024/03/19 18:04:11 [notice] 33#33: exit
2024/03/19 18:04:11 [notice] 30#30: exit
2024/03/19 18:04:11 [notice] 29#29: exit
2024/03/19 18:04:11 [notice] 31#31: exit
2024/03/19 18:04:11 [notice] 1#1: signal 17 (SIGCHLD) received from 32
2024/03/19 18:04:11 [notice] 1#1: worker process 32 exited with code 0
2024/03/19 18:04:11 [notice] 1#1: worker process 35 exited with code 0
2024/03/19 18:04:11 [notice] 1#1: signal 29 (SIGIO) received
2024/03/19 18:04:11 [notice] 1#1: signal 17 (SIGCHLD) received from 33
2024/03/19 18:04:11 [notice] 1#1: worker process 33 exited with code 0
2024/03/19 18:04:11 [notice] 1#1: signal 29 (SIGIO) received
2024/03/19 18:04:11 [notice] 1#1: signal 17 (SIGCHLD) received from 36
2024/03/19 18:04:11 [notice] 1#1: worker process 30 exited with code 0
2024/03/19 18:04:11 [notice] 1#1: worker process 29 exited with code 0
2024/03/19 18:04:11 [notice] 1#1: worker process 31 exited with code 0
2024/03/19 18:04:11 [notice] 1#1: worker process 34 exited with code 0
2024/03/19 18:04:11 [notice] 1#1: worker process 36 exited with code 0
2024/03/19 18:04:11 [notice] 1#1: exit
2024/03/19 18:04:13 [notice] 1#1: using the "epoll" event method
2024/03/19 18:04:13 [notice] 1#1: nginx/1.25.4
2024/03/19 18:04:13 [notice] 1#1: built by gcc 12.2.1 20220924 (Alpine 12.2.1_git20220924-r10) 
2024/03/19 18:04:13 [notice] 1#1: OS: Linux 6.6.16-linuxkit
2024/03/19 18:04:13 [notice] 1#1: getrlimit(RLIMIT_NOFILE): 1048576:1048576
2024/03/19 18:04:13 [notice] 1#1: start worker processes
2024/03/19 18:04:13 [notice] 1#1: start worker process 29
2024/03/19 18:04:13 [notice] 1#1: start worker process 30
2024/03/19 18:04:13 [notice] 1#1: start worker process 31
2024/03/19 18:04:13 [notice] 1#1: start worker process 32
2024/03/19 18:04:13 [notice] 1#1: start worker process 33
2024/03/19 18:04:13 [notice] 1#1: start worker process 34
2024/03/19 18:04:13 [notice] 1#1: start worker process 35
2024/03/19 18:04:13 [notice] 1#1: start worker process 36
2024/03/19 18:06:22 [notice] 1#1: signal 3 (SIGQUIT) received, shutting down
2024/03/19 18:06:22 [notice] 29#29: gracefully shutting down
2024/03/19 18:06:22 [notice] 29#29: exiting
2024/03/19 18:06:22 [notice] 31#31: gracefully shutting down
2024/03/19 18:06:22 [notice] 30#30: gracefully shutting down
2024/03/19 18:06:22 [notice] 30#30: exiting
2024/03/19 18:06:22 [notice] 32#32: gracefully shutting down
2024/03/19 18:06:22 [notice] 33#33: gracefully shutting down
2024/03/19 18:06:22 [notice] 34#34: gracefully shutting down
2024/03/19 18:06:22 [notice] 34#34: exiting
2024/03/19 18:06:22 [notice] 35#35: gracefully shutting down
2024/03/19 18:06:22 [notice] 35#35: exiting
2024/03/19 18:06:22 [notice] 36#36: gracefully shutting down
2024/03/19 18:06:22 [notice] 29#29: exit
2024/03/19 18:06:22 [notice] 31#31: exiting
2024/03/19 18:06:22 [notice] 32#32: exiting
2024/03/19 18:06:22 [notice] 31#31: exit
2024/03/19 18:06:22 [notice] 30#30: exit
2024/03/19 18:06:22 [notice] 33#33: exiting
2024/03/19 18:06:22 [notice] 34#34: exit
2024/03/19 18:06:22 [notice] 35#35: exit
2024/03/19 18:06:22 [notice] 36#36: exiting
2024/03/19 18:06:22 [notice] 32#32: exit
2024/03/19 18:06:22 [notice] 33#33: exit
2024/03/19 18:06:22 [notice] 36#36: exit
2024/03/19 18:06:22 [notice] 1#1: signal 17 (SIGCHLD) received from 29
2024/03/19 18:06:22 [notice] 1#1: worker process 29 exited with code 0
2024/03/19 18:06:22 [notice] 1#1: signal 29 (SIGIO) received
2024/03/19 18:06:22 [notice] 1#1: signal 17 (SIGCHLD) received from 31
2024/03/19 18:06:22 [notice] 1#1: worker process 31 exited with code 0
2024/03/19 18:06:22 [notice] 1#1: worker process 30 exited with code 0
2024/03/19 18:06:22 [notice] 1#1: signal 29 (SIGIO) received
2024/03/19 18:06:22 [notice] 1#1: signal 17 (SIGCHLD) received from 30
2024/03/19 18:06:22 [notice] 1#1: worker process 34 exited with code 0
2024/03/19 18:06:22 [notice] 1#1: signal 29 (SIGIO) received
2024/03/19 18:06:22 [notice] 1#1: signal 17 (SIGCHLD) received from 34
2024/03/19 18:06:22 [notice] 1#1: signal 17 (SIGCHLD) received from 35
2024/03/19 18:06:22 [notice] 1#1: worker process 35 exited with code 0
2024/03/19 18:06:22 [notice] 1#1: signal 29 (SIGIO) received
2024/03/19 18:06:22 [notice] 1#1: signal 17 (SIGCHLD) received from 32
2024/03/19 18:06:22 [notice] 1#1: worker process 32 exited with code 0
2024/03/19 18:06:22 [notice] 1#1: worker process 33 exited with code 0
2024/03/19 18:06:22 [notice] 1#1: worker process 36 exited with code 0
2024/03/19 18:06:22 [notice] 1#1: exit
2024/03/19 18:39:47 [notice] 1#1: using the "epoll" event method
2024/03/19 18:39:47 [notice] 1#1: nginx/1.25.4
2024/03/19 18:39:47 [notice] 1#1: built by gcc 12.2.1 20220924 (Alpine 12.2.1_git20220924-r10) 
2024/03/19 18:39:47 [notice] 1#1: OS: Linux 6.6.16-linuxkit
2024/03/19 18:39:47 [notice] 1#1: getrlimit(RLIMIT_NOFILE): 1048576:1048576
2024/03/19 18:39:47 [notice] 1#1: start worker processes
2024/03/19 18:39:47 [notice] 1#1: start worker process 29
2024/03/19 18:39:47 [notice] 1#1: start worker process 30
2024/03/19 18:39:47 [notice] 1#1: start worker process 31
2024/03/19 18:39:47 [notice] 1#1: start worker process 32
2024/03/19 18:39:47 [notice] 1#1: start worker process 33
2024/03/19 18:39:47 [notice] 1#1: start worker process 34
2024/03/19 18:39:47 [notice] 1#1: start worker process 35
2024/03/19 18:39:47 [notice] 1#1: start worker process 36
2024/03/19 18:45:22 [error] 30#30: *3 open() "/var/www/html/test" failed (2: No such file or directory), client: 172.18.0.1, server: , request: "GET /test HTTP/1.1", host: "localhost:8080"
2024/03/19 19:08:06 [notice] 1#1: signal 3 (SIGQUIT) received, shutting down
2024/03/19 19:08:06 [notice] 31#31: gracefully shutting down
2024/03/19 19:08:06 [notice] 32#32: gracefully shutting down
2024/03/19 19:08:06 [notice] 31#31: exiting
2024/03/19 19:08:06 [notice] 35#35: gracefully shutting down
2024/03/19 19:08:06 [notice] 34#34: gracefully shutting down
2024/03/19 19:08:06 [notice] 29#29: gracefully shutting down
2024/03/19 19:08:06 [notice] 29#29: exiting
2024/03/19 19:08:06 [notice] 33#33: gracefully shutting down
2024/03/19 19:08:06 [notice] 33#33: exiting
2024/03/19 19:08:06 [notice] 30#30: gracefully shutting down
2024/03/19 19:08:06 [notice] 30#30: exiting
2024/03/19 19:08:06 [notice] 36#36: gracefully shutting down
2024/03/19 19:08:06 [notice] 32#32: exiting
2024/03/19 19:08:06 [notice] 32#32: exit
2024/03/19 19:08:06 [notice] 31#31: exit
2024/03/19 19:08:06 [notice] 35#35: exiting
2024/03/19 19:08:06 [notice] 34#34: exiting
2024/03/19 19:08:06 [notice] 29#29: exit
2024/03/19 19:08:06 [notice] 33#33: exit
2024/03/19 19:08:06 [notice] 30#30: exit
2024/03/19 19:08:06 [notice] 36#36: exiting
2024/03/19 19:08:06 [notice] 36#36: exit
2024/03/19 19:08:06 [notice] 35#35: exit
2024/03/19 19:08:06 [notice] 34#34: exit
2024/03/19 19:08:06 [notice] 1#1: signal 17 (SIGCHLD) received from 32
2024/03/19 19:08:06 [notice] 1#1: worker process 32 exited with code 0
2024/03/19 19:08:06 [notice] 1#1: signal 29 (SIGIO) received
2024/03/19 19:08:06 [notice] 1#1: signal 17 (SIGCHLD) received from 31
2024/03/19 19:08:06 [notice] 1#1: worker process 31 exited with code 0
2024/03/19 19:08:06 [notice] 1#1: signal 29 (SIGIO) received
2024/03/19 19:08:06 [notice] 1#1: signal 17 (SIGCHLD) received from 29
2024/03/19 19:08:06 [notice] 1#1: worker process 29 exited with code 0
2024/03/19 19:08:06 [notice] 1#1: worker process 33 exited with code 0
2024/03/19 19:08:06 [notice] 1#1: signal 29 (SIGIO) received
2024/03/19 19:08:06 [notice] 1#1: signal 17 (SIGCHLD) received from 33
2024/03/19 19:08:06 [notice] 1#1: signal 17 (SIGCHLD) received from 36
2024/03/19 19:08:06 [notice] 1#1: worker process 30 exited with code 0
2024/03/19 19:08:06 [notice] 1#1: worker process 35 exited with code 0
2024/03/19 19:08:06 [notice] 1#1: worker process 36 exited with code 0
2024/03/19 19:08:06 [notice] 1#1: signal 29 (SIGIO) received
2024/03/19 19:08:06 [notice] 1#1: signal 17 (SIGCHLD) received from 35
2024/03/19 19:08:06 [notice] 1#1: signal 17 (SIGCHLD) received from 34
2024/03/19 19:08:06 [notice] 1#1: worker process 34 exited with code 0
2024/03/19 19:08:06 [notice] 1#1: exit
2024/03/19 19:08:10 [notice] 1#1: using the "epoll" event method
2024/03/19 19:08:10 [notice] 1#1: nginx/1.25.4
2024/03/19 19:08:10 [notice] 1#1: built by gcc 12.2.1 20220924 (Alpine 12.2.1_git20220924-r10) 
2024/03/19 19:08:10 [notice] 1#1: OS: Linux 6.6.16-linuxkit
2024/03/19 19:08:10 [notice] 1#1: getrlimit(RLIMIT_NOFILE): 1048576:1048576
2024/03/19 19:08:10 [notice] 1#1: start worker processes
2024/03/19 19:08:10 [notice] 1#1: start worker process 29
2024/03/19 19:08:10 [notice] 1#1: start worker process 30
2024/03/19 19:08:10 [notice] 1#1: start worker process 31
2024/03/19 19:08:10 [notice] 1#1: start worker process 32
2024/03/19 19:08:10 [notice] 1#1: start worker process 33
2024/03/19 19:08:10 [notice] 1#1: start worker process 34
2024/03/19 19:08:10 [notice] 1#1: start worker process 35
2024/03/19 19:08:10 [notice] 1#1: start worker process 36
2024/03/19 19:10:16 [notice] 1#1: signal 3 (SIGQUIT) received, shutting down
2024/03/19 19:10:16 [notice] 29#29: gracefully shutting down
2024/03/19 19:10:16 [notice] 29#29: exiting
2024/03/19 19:10:16 [notice] 31#31: gracefully shutting down
2024/03/19 19:10:16 [notice] 29#29: exit
2024/03/19 19:10:16 [notice] 30#30: gracefully shutting down
2024/03/19 19:10:16 [notice] 30#30: exiting
2024/03/19 19:10:16 [notice] 30#30: exit
2024/03/19 19:10:16 [notice] 32#32: gracefully shutting down
2024/03/19 19:10:16 [notice] 32#32: exiting
2024/03/19 19:10:16 [notice] 31#31: exiting
2024/03/19 19:10:16 [notice] 35#35: gracefully shutting down
2024/03/19 19:10:16 [notice] 36#36: gracefully shutting down
2024/03/19 19:10:16 [notice] 36#36: exiting
2024/03/19 19:10:16 [notice] 33#33: gracefully shutting down
2024/03/19 19:10:16 [notice] 33#33: exiting
2024/03/19 19:10:16 [notice] 34#34: gracefully shutting down
2024/03/19 19:10:16 [notice] 32#32: exit
2024/03/19 19:10:16 [notice] 35#35: exiting
2024/03/19 19:10:16 [notice] 35#35: exit
2024/03/19 19:10:16 [notice] 31#31: exit
2024/03/19 19:10:16 [notice] 36#36: exit
2024/03/19 19:10:16 [notice] 33#33: exit
2024/03/19 19:10:16 [notice] 34#34: exiting
2024/03/19 19:10:16 [notice] 34#34: exit
2024/03/19 19:10:16 [notice] 1#1: signal 17 (SIGCHLD) received from 30
2024/03/19 19:10:16 [notice] 1#1: worker process 30 exited with code 0
2024/03/19 19:10:16 [notice] 1#1: signal 29 (SIGIO) received
2024/03/19 19:10:16 [notice] 1#1: signal 17 (SIGCHLD) received from 29
2024/03/19 19:10:16 [notice] 1#1: worker process 29 exited with code 0
2024/03/19 19:10:16 [notice] 1#1: signal 29 (SIGIO) received
2024/03/19 19:10:16 [notice] 1#1: signal 17 (SIGCHLD) received from 36
2024/03/19 19:10:16 [notice] 1#1: worker process 36 exited with code 0
2024/03/19 19:10:16 [notice] 1#1: signal 29 (SIGIO) received
2024/03/19 19:10:16 [notice] 1#1: signal 17 (SIGCHLD) received from 33
2024/03/19 19:10:16 [notice] 1#1: worker process 33 exited with code 0
2024/03/19 19:10:16 [notice] 1#1: signal 29 (SIGIO) received
2024/03/19 19:10:16 [notice] 1#1: signal 17 (SIGCHLD) received from 35
2024/03/19 19:10:16 [notice] 1#1: worker process 31 exited with code 0
2024/03/19 19:10:16 [notice] 1#1: worker process 32 exited with code 0
2024/03/19 19:10:16 [notice] 1#1: worker process 35 exited with code 0
2024/03/19 19:10:16 [notice] 1#1: signal 29 (SIGIO) received
2024/03/19 19:10:16 [notice] 1#1: signal 17 (SIGCHLD) received from 31
2024/03/19 19:10:16 [notice] 1#1: signal 17 (SIGCHLD) received from 34
2024/03/19 19:10:16 [notice] 1#1: worker process 34 exited with code 0
2024/03/19 19:10:16 [notice] 1#1: exit
2024/03/19 19:10:19 [notice] 1#1: using the "epoll" event method
2024/03/19 19:10:19 [notice] 1#1: nginx/1.25.4
2024/03/19 19:10:19 [notice] 1#1: built by gcc 12.2.1 20220924 (Alpine 12.2.1_git20220924-r10) 
2024/03/19 19:10:19 [notice] 1#1: OS: Linux 6.6.16-linuxkit
2024/03/19 19:10:19 [notice] 1#1: getrlimit(RLIMIT_NOFILE): 1048576:1048576
2024/03/19 19:10:19 [notice] 1#1: start worker processes
2024/03/19 19:10:19 [notice] 1#1: start worker process 29
2024/03/19 19:10:19 [notice] 1#1: start worker process 30
2024/03/19 19:10:19 [notice] 1#1: start worker process 31
2024/03/19 19:10:19 [notice] 1#1: start worker process 32
2024/03/19 19:10:19 [notice] 1#1: start worker process 33
2024/03/19 19:10:19 [notice] 1#1: start worker process 34
2024/03/19 19:10:19 [notice] 1#1: start worker process 35
2024/03/19 19:10:19 [notice] 1#1: start worker process 36
2024/03/19 20:00:58 [notice] 1#1: signal 3 (SIGQUIT) received, shutting down
2024/03/19 20:00:58 [notice] 29#29: gracefully shutting down
2024/03/19 20:00:58 [notice] 30#30: gracefully shutting down
2024/03/19 20:00:58 [notice] 34#34: gracefully shutting down
2024/03/19 20:00:58 [notice] 31#31: gracefully shutting down
2024/03/19 20:00:58 [notice] 33#33: gracefully shutting down
2024/03/19 20:00:58 [notice] 35#35: gracefully shutting down
2024/03/19 20:00:58 [notice] 32#32: gracefully shutting down
2024/03/19 20:00:58 [notice] 29#29: exiting
2024/03/19 20:00:58 [notice] 36#36: gracefully shutting down
2024/03/19 20:00:58 [notice] 30#30: exiting
2024/03/19 20:00:58 [notice] 29#29: exit
2024/03/19 20:00:58 [notice] 34#34: exiting
2024/03/19 20:00:58 [notice] 31#31: exiting
2024/03/19 20:00:58 [notice] 33#33: exiting
2024/03/19 20:00:58 [notice] 35#35: exiting
2024/03/19 20:00:58 [notice] 33#33: exit
2024/03/19 20:00:58 [notice] 36#36: exiting
2024/03/19 20:00:58 [notice] 32#32: exiting
2024/03/19 20:00:58 [notice] 30#30: exit
2024/03/19 20:00:58 [notice] 34#34: exit
2024/03/19 20:00:58 [notice] 31#31: exit
2024/03/19 20:00:58 [notice] 35#35: exit
2024/03/19 20:00:58 [notice] 36#36: exit
2024/03/19 20:00:58 [notice] 32#32: exit
2024/03/19 20:00:59 [notice] 1#1: signal 17 (SIGCHLD) received from 35
2024/03/19 20:00:59 [notice] 1#1: worker process 29 exited with code 0
2024/03/19 20:00:59 [notice] 1#1: worker process 31 exited with code 0
2024/03/19 20:00:59 [notice] 1#1: worker process 30 exited with code 0
2024/03/19 20:00:59 [notice] 1#1: worker process 33 exited with code 0
2024/03/19 20:00:59 [notice] 1#1: worker process 34 exited with code 0
2024/03/19 20:00:59 [notice] 1#1: worker process 32 exited with code 0
2024/03/19 20:00:59 [notice] 1#1: worker process 35 exited with code 0
2024/03/19 20:00:59 [notice] 1#1: worker process 36 exited with code 0
2024/03/19 20:00:59 [notice] 1#1: exit
2024/03/19 20:01:05 [notice] 1#1: using the "epoll" event method
2024/03/19 20:01:05 [notice] 1#1: nginx/1.25.4
2024/03/19 20:01:05 [notice] 1#1: built by gcc 12.2.1 20220924 (Alpine 12.2.1_git20220924-r10) 
2024/03/19 20:01:05 [notice] 1#1: OS: Linux 6.6.16-linuxkit
2024/03/19 20:01:05 [notice] 1#1: getrlimit(RLIMIT_NOFILE): 1048576:1048576
2024/03/19 20:01:05 [notice] 1#1: start worker processes
2024/03/19 20:01:05 [notice] 1#1: start worker process 29
2024/03/19 20:01:05 [notice] 1#1: start worker process 30
2024/03/19 20:01:05 [notice] 1#1: start worker process 31
2024/03/19 20:01:05 [notice] 1#1: start worker process 32
2024/03/19 20:01:05 [notice] 1#1: start worker process 33
2024/03/19 20:01:05 [notice] 1#1: start worker process 34
2024/03/19 20:01:05 [notice] 1#1: start worker process 35
2024/03/19 20:01:05 [notice] 1#1: start worker process 36
2024/03/19 21:04:55 [notice] 1#1: signal 3 (SIGQUIT) received, shutting down
2024/03/19 21:04:55 [notice] 31#31: gracefully shutting down
2024/03/19 21:04:55 [notice] 30#30: gracefully shutting down
2024/03/19 21:04:55 [notice] 29#29: gracefully shutting down
2024/03/19 21:04:55 [notice] 34#34: gracefully shutting down
2024/03/19 21:04:55 [notice] 32#32: gracefully shutting down
2024/03/19 21:04:55 [notice] 31#31: exiting
2024/03/19 21:04:55 [notice] 33#33: gracefully shutting down
2024/03/19 21:04:55 [notice] 35#35: gracefully shutting down
2024/03/19 21:04:55 [notice] 29#29: exiting
2024/03/19 21:04:55 [notice] 36#36: gracefully shutting down
2024/03/19 21:04:55 [notice] 30#30: exiting
2024/03/19 21:04:55 [notice] 31#31: exit
2024/03/19 21:04:55 [notice] 33#33: exiting
2024/03/19 21:04:55 [notice] 34#34: exiting
2024/03/19 21:04:55 [notice] 29#29: exit
2024/03/19 21:04:55 [notice] 33#33: exit
2024/03/19 21:04:55 [notice] 32#32: exiting
2024/03/19 21:04:55 [notice] 30#30: exit
2024/03/19 21:04:55 [notice] 34#34: exit
2024/03/19 21:04:55 [notice] 32#32: exit
2024/03/19 21:04:55 [notice] 35#35: exiting
2024/03/19 21:04:55 [notice] 36#36: exiting
2024/03/19 21:04:55 [notice] 35#35: exit
2024/03/19 21:04:55 [notice] 36#36: exit
2024/03/19 21:04:55 [notice] 1#1: signal 17 (SIGCHLD) received from 35
2024/03/19 21:04:55 [notice] 1#1: worker process 35 exited with code 0
2024/03/19 21:04:55 [notice] 1#1: worker process 29 exited with code 0
2024/03/19 21:04:55 [notice] 1#1: worker process 30 exited with code 0
2024/03/19 21:04:55 [notice] 1#1: worker process 31 exited with code 0
2024/03/19 21:04:55 [notice] 1#1: worker process 32 exited with code 0
2024/03/19 21:04:55 [notice] 1#1: worker process 33 exited with code 0
2024/03/19 21:04:55 [notice] 1#1: worker process 34 exited with code 0
2024/03/19 21:04:55 [notice] 1#1: worker process 36 exited with code 0
2024/03/19 21:04:55 [notice] 1#1: exit
2024/03/19 21:13:48 [notice] 1#1: using the "epoll" event method
2024/03/19 21:13:48 [notice] 1#1: nginx/1.25.4
2024/03/19 21:13:48 [notice] 1#1: built by gcc 12.2.1 20220924 (Alpine 12.2.1_git20220924-r10) 
2024/03/19 21:13:48 [notice] 1#1: OS: Linux 6.6.16-linuxkit
2024/03/19 21:13:48 [notice] 1#1: getrlimit(RLIMIT_NOFILE): 1048576:1048576
2024/03/19 21:13:48 [notice] 1#1: start worker processes
2024/03/19 21:13:48 [notice] 1#1: start worker process 29
2024/03/19 21:13:48 [notice] 1#1: start worker process 30
2024/03/19 21:13:48 [notice] 1#1: start worker process 31
2024/03/19 21:13:48 [notice] 1#1: start worker process 32
2024/03/19 21:13:48 [notice] 1#1: start worker process 33
2024/03/19 21:13:48 [notice] 1#1: start worker process 34
2024/03/19 21:13:48 [notice] 1#1: start worker process 35
2024/03/19 21:13:48 [notice] 1#1: start worker process 36
2024/03/19 21:15:13 [notice] 1#1: signal 3 (SIGQUIT) received, shutting down
2024/03/19 21:15:13 [notice] 29#29: gracefully shutting down
2024/03/19 21:15:13 [notice] 29#29: exiting
2024/03/19 21:15:13 [notice] 30#30: gracefully shutting down
2024/03/19 21:15:13 [notice] 30#30: exiting
2024/03/19 21:15:13 [notice] 33#33: gracefully shutting down
2024/03/19 21:15:13 [notice] 33#33: exiting
2024/03/19 21:15:13 [notice] 33#33: exit
2024/03/19 21:15:13 [notice] 31#31: gracefully shutting down
2024/03/19 21:15:13 [notice] 31#31: exiting
2024/03/19 21:15:13 [notice] 34#34: gracefully shutting down
2024/03/19 21:15:13 [notice] 34#34: exiting
2024/03/19 21:15:13 [notice] 35#35: gracefully shutting down
2024/03/19 21:15:13 [notice] 35#35: exiting
2024/03/19 21:15:13 [notice] 32#32: gracefully shutting down
2024/03/19 21:15:13 [notice] 36#36: gracefully shutting down
2024/03/19 21:15:13 [notice] 29#29: exit
2024/03/19 21:15:13 [notice] 30#30: exit
2024/03/19 21:15:13 [notice] 31#31: exit
2024/03/19 21:15:13 [notice] 34#34: exit
2024/03/19 21:15:13 [notice] 35#35: exit
2024/03/19 21:15:13 [notice] 32#32: exiting
2024/03/19 21:15:13 [notice] 32#32: exit
2024/03/19 21:15:13 [notice] 36#36: exiting
2024/03/19 21:15:13 [notice] 1#1: signal 17 (SIGCHLD) received from 33
2024/03/19 21:15:13 [notice] 1#1: worker process 33 exited with code 0
2024/03/19 21:15:13 [notice] 1#1: signal 29 (SIGIO) received
2024/03/19 21:15:13 [notice] 36#36: exit
2024/03/19 21:15:13 [notice] 1#1: signal 17 (SIGCHLD) received from 29
2024/03/19 21:15:13 [notice] 1#1: worker process 29 exited with code 0
2024/03/19 21:15:13 [notice] 1#1: signal 29 (SIGIO) received
2024/03/19 21:15:13 [notice] 1#1: signal 17 (SIGCHLD) received from 31
2024/03/19 21:15:13 [notice] 1#1: worker process 31 exited with code 0
2024/03/19 21:15:13 [notice] 1#1: signal 29 (SIGIO) received
2024/03/19 21:15:13 [notice] 1#1: signal 17 (SIGCHLD) received from 30
2024/03/19 21:15:13 [notice] 1#1: worker process 30 exited with code 0
2024/03/19 21:15:13 [notice] 1#1: worker process 34 exited with code 0
2024/03/19 21:15:13 [notice] 1#1: worker process 35 exited with code 0
2024/03/19 21:15:13 [notice] 1#1: signal 29 (SIGIO) received
2024/03/19 21:15:13 [notice] 1#1: signal 17 (SIGCHLD) received from 34
2024/03/19 21:15:13 [notice] 1#1: signal 17 (SIGCHLD) received from 32
2024/03/19 21:15:13 [notice] 1#1: worker process 32 exited with code 0
2024/03/19 21:15:13 [notice] 1#1: signal 29 (SIGIO) received
2024/03/19 21:15:13 [notice] 1#1: signal 17 (SIGCHLD) received from 36
2024/03/19 21:15:13 [notice] 1#1: worker process 36 exited with code 0
2024/03/19 21:15:13 [notice] 1#1: exit
2024/03/19 21:15:16 [notice] 1#1: using the "epoll" event method
2024/03/19 21:15:16 [notice] 1#1: nginx/1.25.4
2024/03/19 21:15:16 [notice] 1#1: built by gcc 12.2.1 20220924 (Alpine 12.2.1_git20220924-r10) 
2024/03/19 21:15:16 [notice] 1#1: OS: Linux 6.6.16-linuxkit
2024/03/19 21:15:16 [notice] 1#1: getrlimit(RLIMIT_NOFILE): 1048576:1048576
2024/03/19 21:15:16 [notice] 1#1: start worker processes
2024/03/19 21:15:16 [notice] 1#1: start worker process 29
2024/03/19 21:15:16 [notice] 1#1: start worker process 30
2024/03/19 21:15:16 [notice] 1#1: start worker process 31
2024/03/19 21:15:16 [notice] 1#1: start worker process 32
2024/03/19 21:15:16 [notice] 1#1: start worker process 33
2024/03/19 21:15:16 [notice] 1#1: start worker process 34
2024/03/19 21:15:16 [notice] 1#1: start worker process 35
2024/03/19 21:15:16 [notice] 1#1: start worker process 36
2024/03/19 21:15:47 [notice] 1#1: signal 3 (SIGQUIT) received, shutting down
2024/03/19 21:15:47 [notice] 29#29: gracefully shutting down
2024/03/19 21:15:47 [notice] 29#29: exiting
2024/03/19 21:15:47 [notice] 30#30: gracefully shutting down
2024/03/19 21:15:47 [notice] 31#31: gracefully shutting down
2024/03/19 21:15:47 [notice] 30#30: exiting
2024/03/19 21:15:47 [notice] 32#32: gracefully shutting down
2024/03/19 21:15:47 [notice] 33#33: gracefully shutting down
2024/03/19 21:15:47 [notice] 36#36: gracefully shutting down
2024/03/19 21:15:47 [notice] 36#36: exiting
2024/03/19 21:15:47 [notice] 36#36: exit
2024/03/19 21:15:47 [notice] 34#34: gracefully shutting down
2024/03/19 21:15:47 [notice] 34#34: exiting
2024/03/19 21:15:47 [notice] 35#35: gracefully shutting down
2024/03/19 21:15:47 [notice] 29#29: exit
2024/03/19 21:15:47 [notice] 31#31: exiting
2024/03/19 21:15:47 [notice] 30#30: exit
2024/03/19 21:15:47 [notice] 31#31: exit
2024/03/19 21:15:47 [notice] 32#32: exiting
2024/03/19 21:15:47 [notice] 32#32: exit
2024/03/19 21:15:47 [notice] 33#33: exiting
2024/03/19 21:15:47 [notice] 33#33: exit
2024/03/19 21:15:47 [notice] 34#34: exit
2024/03/19 21:15:47 [notice] 35#35: exiting
2024/03/19 21:15:47 [notice] 35#35: exit
2024/03/19 21:15:47 [notice] 1#1: signal 17 (SIGCHLD) received from 32
2024/03/19 21:15:47 [notice] 1#1: worker process 29 exited with code 0
2024/03/19 21:15:47 [notice] 1#1: worker process 32 exited with code 0
2024/03/19 21:15:47 [notice] 1#1: signal 29 (SIGIO) received
2024/03/19 21:15:47 [notice] 1#1: signal 17 (SIGCHLD) received from 36
2024/03/19 21:15:47 [notice] 1#1: worker process 30 exited with code 0
2024/03/19 21:15:47 [notice] 1#1: worker process 31 exited with code 0
2024/03/19 21:15:47 [notice] 1#1: worker process 36 exited with code 0
2024/03/19 21:15:47 [notice] 1#1: signal 29 (SIGIO) received
2024/03/19 21:15:47 [notice] 1#1: signal 17 (SIGCHLD) received from 34
2024/03/19 21:15:47 [notice] 1#1: worker process 34 exited with code 0
2024/03/19 21:15:47 [notice] 1#1: worker process 35 exited with code 0
2024/03/19 21:15:47 [notice] 1#1: worker process 33 exited with code 0
2024/03/19 21:15:47 [notice] 1#1: exit
2024/03/19 21:16:11 [notice] 1#1: using the "epoll" event method
2024/03/19 21:16:11 [notice] 1#1: nginx/1.25.4
2024/03/19 21:16:11 [notice] 1#1: built by gcc 12.2.1 20220924 (Alpine 12.2.1_git20220924-r10) 
2024/03/19 21:16:11 [notice] 1#1: OS: Linux 6.6.16-linuxkit
2024/03/19 21:16:11 [notice] 1#1: getrlimit(RLIMIT_NOFILE): 1048576:1048576
2024/03/19 21:16:11 [notice] 1#1: start worker processes
2024/03/19 21:16:11 [notice] 1#1: start worker process 28
2024/03/19 21:16:11 [notice] 1#1: start worker process 29
2024/03/19 21:16:11 [notice] 1#1: start worker process 30
2024/03/19 21:16:11 [notice] 1#1: start worker process 31
2024/03/19 21:16:11 [notice] 1#1: start worker process 32
2024/03/19 21:16:11 [notice] 1#1: start worker process 33
2024/03/19 21:16:11 [notice] 1#1: start worker process 34
2024/03/19 21:16:11 [notice] 1#1: start worker process 35
2024/03/19 21:18:39 [notice] 1#1: signal 3 (SIGQUIT) received, shutting down
2024/03/19 21:18:39 [notice] 29#29: gracefully shutting down
2024/03/19 21:18:39 [notice] 29#29: exiting
2024/03/19 21:18:39 [notice] 33#33: gracefully shutting down
2024/03/19 21:18:39 [notice] 33#33: exiting
2024/03/19 21:18:39 [notice] 28#28: gracefully shutting down
2024/03/19 21:18:39 [notice] 28#28: exiting
2024/03/19 21:18:39 [notice] 34#34: gracefully shutting down
2024/03/19 21:18:39 [notice] 34#34: exiting
2024/03/19 21:18:39 [notice] 34#34: exit
2024/03/19 21:18:39 [notice] 30#30: gracefully shutting down
2024/03/19 21:18:39 [notice] 30#30: exiting
2024/03/19 21:18:39 [notice] 31#31: gracefully shutting down
2024/03/19 21:18:39 [notice] 31#31: exiting
2024/03/19 21:18:39 [notice] 35#35: gracefully shutting down
2024/03/19 21:18:39 [notice] 35#35: exiting
2024/03/19 21:18:39 [notice] 32#32: gracefully shutting down
2024/03/19 21:18:39 [notice] 32#32: exiting
2024/03/19 21:18:39 [notice] 32#32: exit
2024/03/19 21:18:39 [notice] 29#29: exit
2024/03/19 21:18:39 [notice] 33#33: exit
2024/03/19 21:18:39 [notice] 28#28: exit
2024/03/19 21:18:39 [notice] 30#30: exit
2024/03/19 21:18:39 [notice] 31#31: exit
2024/03/19 21:18:39 [notice] 35#35: exit
2024/03/19 21:18:39 [notice] 1#1: signal 17 (SIGCHLD) received from 34
2024/03/19 21:18:39 [notice] 1#1: worker process 34 exited with code 0
2024/03/19 21:18:39 [notice] 1#1: signal 29 (SIGIO) received
2024/03/19 21:18:39 [notice] 1#1: signal 17 (SIGCHLD) received from 29
2024/03/19 21:18:39 [notice] 1#1: worker process 29 exited with code 0
2024/03/19 21:18:39 [notice] 1#1: worker process 32 exited with code 0
2024/03/19 21:18:39 [notice] 1#1: signal 29 (SIGIO) received
2024/03/19 21:18:39 [notice] 1#1: signal 17 (SIGCHLD) received from 32
2024/03/19 21:18:39 [notice] 1#1: signal 17 (SIGCHLD) received from 31
2024/03/19 21:18:39 [notice] 1#1: worker process 28 exited with code 0
2024/03/19 21:18:39 [notice] 1#1: worker process 31 exited with code 0
2024/03/19 21:18:39 [notice] 1#1: worker process 35 exited with code 0
2024/03/19 21:18:39 [notice] 1#1: worker process 33 exited with code 0
2024/03/19 21:18:39 [notice] 1#1: signal 29 (SIGIO) received
2024/03/19 21:18:39 [notice] 1#1: signal 17 (SIGCHLD) received from 33
2024/03/19 21:18:39 [notice] 1#1: signal 17 (SIGCHLD) received from 30
2024/03/19 21:18:39 [notice] 1#1: worker process 30 exited with code 0
2024/03/19 21:18:39 [notice] 1#1: exit
2024/03/19 21:19:06 [notice] 1#1: using the "epoll" event method
2024/03/19 21:19:06 [notice] 1#1: nginx/1.25.4
2024/03/19 21:19:06 [notice] 1#1: built by gcc 12.2.1 20220924 (Alpine 12.2.1_git20220924-r10) 
2024/03/19 21:19:06 [notice] 1#1: OS: Linux 6.6.16-linuxkit
2024/03/19 21:19:06 [notice] 1#1: getrlimit(RLIMIT_NOFILE): 1048576:1048576
2024/03/19 21:19:06 [notice] 1#1: start worker processes
2024/03/19 21:19:06 [notice] 1#1: start worker process 29
2024/03/19 21:19:06 [notice] 1#1: start worker process 30
2024/03/19 21:19:06 [notice] 1#1: start worker process 31
2024/03/19 21:19:06 [notice] 1#1: start worker process 32
2024/03/19 21:19:06 [notice] 1#1: start worker process 33
2024/03/19 21:19:06 [notice] 1#1: start worker process 34
2024/03/19 21:19:06 [notice] 1#1: start worker process 35
2024/03/19 21:19:06 [notice] 1#1: start worker process 36
2024/03/19 21:20:02 [notice] 1#1: signal 3 (SIGQUIT) received, shutting down
2024/03/19 21:20:02 [notice] 36#36: gracefully shutting down
2024/03/19 21:20:02 [notice] 31#31: gracefully shutting down
2024/03/19 21:20:02 [notice] 36#36: exiting
2024/03/19 21:20:02 [notice] 35#35: gracefully shutting down
2024/03/19 21:20:02 [notice] 32#32: gracefully shutting down
2024/03/19 21:20:02 [notice] 32#32: exiting
2024/03/19 21:20:02 [notice] 33#33: gracefully shutting down
2024/03/19 21:20:02 [notice] 30#30: gracefully shutting down
2024/03/19 21:20:02 [notice] 30#30: exiting
2024/03/19 21:20:02 [notice] 34#34: gracefully shutting down
2024/03/19 21:20:02 [notice] 34#34: exiting
2024/03/19 21:20:02 [notice] 29#29: gracefully shutting down
2024/03/19 21:20:02 [notice] 29#29: exiting
2024/03/19 21:20:02 [notice] 31#31: exiting
2024/03/19 21:20:02 [notice] 36#36: exit
2024/03/19 21:20:02 [notice] 35#35: exiting
2024/03/19 21:20:02 [notice] 35#35: exit
2024/03/19 21:20:02 [notice] 32#32: exit
2024/03/19 21:20:02 [notice] 33#33: exiting
2024/03/19 21:20:02 [notice] 30#30: exit
2024/03/19 21:20:02 [notice] 34#34: exit
2024/03/19 21:20:02 [notice] 29#29: exit
2024/03/19 21:20:02 [notice] 31#31: exit
2024/03/19 21:20:02 [notice] 33#33: exit
2024/03/19 21:20:02 [notice] 1#1: signal 17 (SIGCHLD) received from 35
2024/03/19 21:20:02 [notice] 1#1: worker process 35 exited with code 0
2024/03/19 21:20:02 [notice] 1#1: signal 29 (SIGIO) received
2024/03/19 21:20:02 [notice] 1#1: signal 17 (SIGCHLD) received from 36
2024/03/19 21:20:02 [notice] 1#1: worker process 34 exited with code 0
2024/03/19 21:20:02 [notice] 1#1: worker process 32 exited with code 0
2024/03/19 21:20:02 [notice] 1#1: worker process 36 exited with code 0
2024/03/19 21:20:02 [notice] 1#1: signal 29 (SIGIO) received
2024/03/19 21:20:02 [notice] 1#1: signal 17 (SIGCHLD) received from 34
2024/03/19 21:20:02 [notice] 1#1: signal 17 (SIGCHLD) received from 29
2024/03/19 21:20:02 [notice] 1#1: worker process 29 exited with code 0
2024/03/19 21:20:02 [notice] 1#1: worker process 31 exited with code 0
2024/03/19 21:20:02 [notice] 1#1: worker process 33 exited with code 0
2024/03/19 21:20:02 [notice] 1#1: signal 29 (SIGIO) received
2024/03/19 21:20:02 [notice] 1#1: signal 17 (SIGCHLD) received from 31
2024/03/19 21:20:02 [notice] 1#1: worker process 30 exited with code 0
2024/03/19 21:20:02 [notice] 1#1: exit
2024/03/19 21:20:06 [notice] 1#1: using the "epoll" event method
2024/03/19 21:20:06 [notice] 1#1: nginx/1.25.4
2024/03/19 21:20:06 [notice] 1#1: built by gcc 12.2.1 20220924 (Alpine 12.2.1_git20220924-r10) 
2024/03/19 21:20:06 [notice] 1#1: OS: Linux 6.6.16-linuxkit
2024/03/19 21:20:06 [notice] 1#1: getrlimit(RLIMIT_NOFILE): 1048576:1048576
2024/03/19 21:20:06 [notice] 1#1: start worker processes
2024/03/19 21:20:06 [notice] 1#1: start worker process 29
2024/03/19 21:20:06 [notice] 1#1: start worker process 30
2024/03/19 21:20:06 [notice] 1#1: start worker process 31
2024/03/19 21:20:06 [notice] 1#1: start worker process 32
2024/03/19 21:20:06 [notice] 1#1: start worker process 33
2024/03/19 21:20:06 [notice] 1#1: start worker process 34
2024/03/19 21:20:06 [notice] 1#1: start worker process 35
2024/03/19 21:20:06 [notice] 1#1: start worker process 36
2024/03/19 21:20:57 [notice] 1#1: signal 3 (SIGQUIT) received, shutting down
2024/03/19 21:20:57 [notice] 29#29: gracefully shutting down
2024/03/19 21:20:57 [notice] 34#34: gracefully shutting down
2024/03/19 21:20:57 [notice] 34#34: exiting
2024/03/19 21:20:57 [notice] 35#35: gracefully shutting down
2024/03/19 21:20:57 [notice] 35#35: exiting
2024/03/19 21:20:57 [notice] 36#36: gracefully shutting down
2024/03/19 21:20:57 [notice] 35#35: exit
2024/03/19 21:20:57 [notice] 33#33: gracefully shutting down
2024/03/19 21:20:57 [notice] 31#31: gracefully shutting down
2024/03/19 21:20:57 [notice] 30#30: gracefully shutting down
2024/03/19 21:20:57 [notice] 30#30: exiting
2024/03/19 21:20:57 [notice] 32#32: gracefully shutting down
2024/03/19 21:20:57 [notice] 32#32: exiting
2024/03/19 21:20:57 [notice] 29#29: exiting
2024/03/19 21:20:57 [notice] 34#34: exit
2024/03/19 21:20:57 [notice] 36#36: exiting
2024/03/19 21:20:57 [notice] 33#33: exiting
2024/03/19 21:20:57 [notice] 36#36: exit
2024/03/19 21:20:57 [notice] 31#31: exiting
2024/03/19 21:20:57 [notice] 30#30: exit
2024/03/19 21:20:57 [notice] 32#32: exit
2024/03/19 21:20:57 [notice] 29#29: exit
2024/03/19 21:20:57 [notice] 33#33: exit
2024/03/19 21:20:57 [notice] 31#31: exit
2024/03/19 21:20:57 [notice] 1#1: signal 17 (SIGCHLD) received from 35
2024/03/19 21:20:57 [notice] 1#1: worker process 35 exited with code 0
2024/03/19 21:20:57 [notice] 1#1: worker process 34 exited with code 0
2024/03/19 21:20:57 [notice] 1#1: signal 29 (SIGIO) received
2024/03/19 21:20:57 [notice] 1#1: signal 17 (SIGCHLD) received from 34
2024/03/19 21:20:57 [notice] 1#1: signal 17 (SIGCHLD) received from 36
2024/03/19 21:20:57 [notice] 1#1: worker process 36 exited with code 0
2024/03/19 21:20:57 [notice] 1#1: signal 29 (SIGIO) received
2024/03/19 21:20:57 [notice] 1#1: signal 17 (SIGCHLD) received from 30
2024/03/19 21:20:57 [notice] 1#1: worker process 29 exited with code 0
2024/03/19 21:20:57 [notice] 1#1: worker process 30 exited with code 0
2024/03/19 21:20:57 [notice] 1#1: worker process 32 exited with code 0
2024/03/19 21:20:57 [notice] 1#1: signal 29 (SIGIO) received
2024/03/19 21:20:57 [notice] 1#1: signal 17 (SIGCHLD) received from 32
2024/03/19 21:20:57 [notice] 1#1: signal 17 (SIGCHLD) received from 33
2024/03/19 21:20:57 [notice] 1#1: worker process 33 exited with code 0
2024/03/19 21:20:57 [notice] 1#1: signal 29 (SIGIO) received
2024/03/19 21:20:57 [notice] 1#1: signal 17 (SIGCHLD) received from 31
2024/03/19 21:20:57 [notice] 1#1: worker process 31 exited with code 0
2024/03/19 21:20:57 [notice] 1#1: exit
2024/03/19 21:20:59 [notice] 1#1: using the "epoll" event method
2024/03/19 21:20:59 [notice] 1#1: nginx/1.25.4
2024/03/19 21:20:59 [notice] 1#1: built by gcc 12.2.1 20220924 (Alpine 12.2.1_git20220924-r10) 
2024/03/19 21:20:59 [notice] 1#1: OS: Linux 6.6.16-linuxkit
2024/03/19 21:20:59 [notice] 1#1: getrlimit(RLIMIT_NOFILE): 1048576:1048576
2024/03/19 21:20:59 [notice] 1#1: start worker processes
2024/03/19 21:20:59 [notice] 1#1: start worker process 29
2024/03/19 21:20:59 [notice] 1#1: start worker process 30
2024/03/19 21:20:59 [notice] 1#1: start worker process 31
2024/03/19 21:20:59 [notice] 1#1: start worker process 32
2024/03/19 21:20:59 [notice] 1#1: start worker process 33
2024/03/19 21:20:59 [notice] 1#1: start worker process 34
2024/03/19 21:20:59 [notice] 1#1: start worker process 35
2024/03/19 21:20:59 [notice] 1#1: start worker process 36
2024/03/19 21:21:31 [notice] 1#1: signal 3 (SIGQUIT) received, shutting down
2024/03/19 21:21:31 [notice] 34#34: gracefully shutting down
2024/03/19 21:21:31 [notice] 33#33: gracefully shutting down
2024/03/19 21:21:31 [notice] 33#33: exiting
2024/03/19 21:21:31 [notice] 30#30: gracefully shutting down
2024/03/19 21:21:31 [notice] 35#35: gracefully shutting down
2024/03/19 21:21:31 [notice] 35#35: exiting
2024/03/19 21:21:31 [notice] 36#36: gracefully shutting down
2024/03/19 21:21:31 [notice] 29#29: gracefully shutting down
2024/03/19 21:21:31 [notice] 29#29: exiting
2024/03/19 21:21:31 [notice] 29#29: exit
2024/03/19 21:21:31 [notice] 31#31: gracefully shutting down
2024/03/19 21:21:31 [notice] 31#31: exiting
2024/03/19 21:21:31 [notice] 32#32: gracefully shutting down
2024/03/19 21:21:31 [notice] 32#32: exiting
2024/03/19 21:21:31 [notice] 34#34: exiting
2024/03/19 21:21:31 [notice] 34#34: exit
2024/03/19 21:21:31 [notice] 33#33: exit
2024/03/19 21:21:31 [notice] 30#30: exiting
2024/03/19 21:21:31 [notice] 36#36: exiting
2024/03/19 21:21:31 [notice] 35#35: exit
2024/03/19 21:21:31 [notice] 31#31: exit
2024/03/19 21:21:31 [notice] 36#36: exit
2024/03/19 21:21:31 [notice] 32#32: exit
2024/03/19 21:21:31 [notice] 30#30: exit
2024/03/19 21:21:31 [notice] 1#1: signal 17 (SIGCHLD) received from 29
2024/03/19 21:21:31 [notice] 1#1: worker process 29 exited with code 0
2024/03/19 21:21:31 [notice] 1#1: signal 29 (SIGIO) received
2024/03/19 21:21:31 [notice] 1#1: signal 17 (SIGCHLD) received from 30
2024/03/19 21:21:31 [notice] 1#1: worker process 30 exited with code 0
2024/03/19 21:21:31 [notice] 1#1: worker process 31 exited with code 0
2024/03/19 21:21:31 [notice] 1#1: worker process 33 exited with code 0
2024/03/19 21:21:31 [notice] 1#1: worker process 34 exited with code 0
2024/03/19 21:21:31 [notice] 1#1: worker process 35 exited with code 0
2024/03/19 21:21:31 [notice] 1#1: worker process 36 exited with code 0
2024/03/19 21:21:31 [notice] 1#1: signal 29 (SIGIO) received
2024/03/19 21:21:31 [notice] 1#1: signal 17 (SIGCHLD) received from 36
2024/03/19 21:21:31 [notice] 1#1: signal 17 (SIGCHLD) received from 32
2024/03/19 21:21:31 [notice] 1#1: worker process 32 exited with code 0
2024/03/19 21:21:31 [notice] 1#1: exit
2024/03/19 21:22:27 [notice] 1#1: using the "epoll" event method
2024/03/19 21:22:27 [notice] 1#1: nginx/1.25.4
2024/03/19 21:22:27 [notice] 1#1: built by gcc 12.2.1 20220924 (Alpine 12.2.1_git20220924-r10) 
2024/03/19 21:22:27 [notice] 1#1: OS: Linux 6.6.16-linuxkit
2024/03/19 21:22:27 [notice] 1#1: getrlimit(RLIMIT_NOFILE): 1048576:1048576
2024/03/19 21:22:27 [notice] 1#1: start worker processes
2024/03/19 21:22:27 [notice] 1#1: start worker process 30
2024/03/19 21:22:27 [notice] 1#1: start worker process 31
2024/03/19 21:22:27 [notice] 1#1: start worker process 32
2024/03/19 21:22:27 [notice] 1#1: start worker process 33
2024/03/19 21:22:27 [notice] 1#1: start worker process 34
2024/03/19 21:22:27 [notice] 1#1: start worker process 35
2024/03/19 21:22:27 [notice] 1#1: start worker process 36
2024/03/19 21:22:27 [notice] 1#1: start worker process 37
2024/03/19 21:23:15 [notice] 1#1: signal 3 (SIGQUIT) received, shutting down
2024/03/19 21:23:15 [notice] 32#32: gracefully shutting down
2024/03/19 21:23:15 [notice] 33#33: gracefully shutting down
2024/03/19 21:23:15 [notice] 33#33: exiting
2024/03/19 21:23:15 [notice] 37#37: gracefully shutting down
2024/03/19 21:23:15 [notice] 32#32: exiting
2024/03/19 21:23:15 [notice] 32#32: exit
2024/03/19 21:23:15 [notice] 35#35: gracefully shutting down
2024/03/19 21:23:15 [notice] 35#35: exiting
2024/03/19 21:23:15 [notice] 36#36: gracefully shutting down
2024/03/19 21:23:15 [notice] 36#36: exiting
2024/03/19 21:23:15 [notice] 36#36: exit
2024/03/19 21:23:15 [notice] 34#34: gracefully shutting down
2024/03/19 21:23:15 [notice] 34#34: exiting
2024/03/19 21:23:15 [notice] 31#31: gracefully shutting down
2024/03/19 21:23:15 [notice] 34#34: exit
2024/03/19 21:23:15 [notice] 30#30: gracefully shutting down
2024/03/19 21:23:15 [notice] 30#30: exiting
2024/03/19 21:23:15 [notice] 33#33: exit
2024/03/19 21:23:15 [notice] 37#37: exiting
2024/03/19 21:23:15 [notice] 37#37: exit
2024/03/19 21:23:15 [notice] 35#35: exit
2024/03/19 21:23:15 [notice] 31#31: exiting
2024/03/19 21:23:15 [notice] 31#31: exit
2024/03/19 21:23:15 [notice] 30#30: exit
2024/03/19 21:23:15 [notice] 1#1: signal 17 (SIGCHLD) received from 32
2024/03/19 21:23:15 [notice] 1#1: worker process 32 exited with code 0
2024/03/19 21:23:15 [notice] 1#1: signal 29 (SIGIO) received
2024/03/19 21:23:15 [notice] 1#1: signal 17 (SIGCHLD) received from 36
2024/03/19 21:23:15 [notice] 1#1: worker process 36 exited with code 0
2024/03/19 21:23:15 [notice] 1#1: signal 29 (SIGIO) received
2024/03/19 21:23:15 [notice] 1#1: signal 17 (SIGCHLD) received from 34
2024/03/19 21:23:15 [notice] 1#1: worker process 34 exited with code 0
2024/03/19 21:23:15 [notice] 1#1: worker process 37 exited with code 0
2024/03/19 21:23:15 [notice] 1#1: worker process 35 exited with code 0
2024/03/19 21:23:15 [notice] 1#1: worker process 33 exited with code 0
2024/03/19 21:23:15 [notice] 1#1: signal 29 (SIGIO) received
2024/03/19 21:23:15 [notice] 1#1: signal 17 (SIGCHLD) received from 35
2024/03/19 21:23:15 [notice] 1#1: signal 17 (SIGCHLD) received from 30
2024/03/19 21:23:15 [notice] 1#1: worker process 30 exited with code 0
2024/03/19 21:23:15 [notice] 1#1: worker process 31 exited with code 0
2024/03/19 21:23:15 [notice] 1#1: exit
2024/03/19 21:23:18 [notice] 1#1: using the "epoll" event method
2024/03/19 21:23:18 [notice] 1#1: nginx/1.25.4
2024/03/19 21:23:18 [notice] 1#1: built by gcc 12.2.1 20220924 (Alpine 12.2.1_git20220924-r10) 
2024/03/19 21:23:18 [notice] 1#1: OS: Linux 6.6.16-linuxkit
2024/03/19 21:23:18 [notice] 1#1: getrlimit(RLIMIT_NOFILE): 1048576:1048576
2024/03/19 21:23:18 [notice] 1#1: start worker processes
2024/03/19 21:23:18 [notice] 1#1: start worker process 29
2024/03/19 21:23:18 [notice] 1#1: start worker process 30
2024/03/19 21:23:18 [notice] 1#1: start worker process 31
2024/03/19 21:23:18 [notice] 1#1: start worker process 32
2024/03/19 21:23:18 [notice] 1#1: start worker process 33
2024/03/19 21:23:18 [notice] 1#1: start worker process 34
2024/03/19 21:23:18 [notice] 1#1: start worker process 35
2024/03/19 21:23:18 [notice] 1#1: start worker process 36
2024/03/19 21:23:47 [notice] 1#1: signal 3 (SIGQUIT) received, shutting down
2024/03/19 21:23:47 [notice] 29#29: gracefully shutting down
2024/03/19 21:23:47 [notice] 30#30: gracefully shutting down
2024/03/19 21:23:47 [notice] 30#30: exiting
2024/03/19 21:23:47 [notice] 31#31: gracefully shutting down
2024/03/19 21:23:47 [notice] 31#31: exiting
2024/03/19 21:23:47 [notice] 33#33: gracefully shutting down
2024/03/19 21:23:47 [notice] 33#33: exiting
2024/03/19 21:23:47 [notice] 34#34: gracefully shutting down
2024/03/19 21:23:47 [notice] 34#34: exiting
2024/03/19 21:23:47 [notice] 32#32: gracefully shutting down
2024/03/19 21:23:47 [notice] 36#36: gracefully shutting down
2024/03/19 21:23:47 [notice] 32#32: exiting
2024/03/19 21:23:47 [notice] 36#36: exiting
2024/03/19 21:23:47 [notice] 29#29: exiting
2024/03/19 21:23:47 [notice] 29#29: exit
2024/03/19 21:23:47 [notice] 35#35: gracefully shutting down
2024/03/19 21:23:47 [notice] 35#35: exiting
2024/03/19 21:23:47 [notice] 30#30: exit
2024/03/19 21:23:47 [notice] 31#31: exit
2024/03/19 21:23:47 [notice] 33#33: exit
2024/03/19 21:23:47 [notice] 34#34: exit
2024/03/19 21:23:47 [notice] 32#32: exit
2024/03/19 21:23:47 [notice] 36#36: exit
2024/03/19 21:23:47 [notice] 35#35: exit
2024/03/19 21:23:47 [notice] 1#1: signal 17 (SIGCHLD) received from 29
2024/03/19 21:23:47 [notice] 1#1: worker process 29 exited with code 0
2024/03/19 21:23:47 [notice] 1#1: signal 29 (SIGIO) received
2024/03/19 21:23:47 [notice] 1#1: signal 17 (SIGCHLD) received from 34
2024/03/19 21:23:47 [notice] 1#1: worker process 30 exited with code 0
2024/03/19 21:23:47 [notice] 1#1: worker process 32 exited with code 0
2024/03/19 21:23:47 [notice] 1#1: worker process 33 exited with code 0
2024/03/19 21:23:47 [notice] 1#1: worker process 34 exited with code 0
2024/03/19 21:23:47 [notice] 1#1: worker process 35 exited with code 0
2024/03/19 21:23:47 [notice] 1#1: signal 29 (SIGIO) received
2024/03/19 21:23:47 [notice] 1#1: signal 17 (SIGCHLD) received from 36
2024/03/19 21:23:47 [notice] 1#1: worker process 31 exited with code 0
2024/03/19 21:23:47 [notice] 1#1: worker process 36 exited with code 0
2024/03/19 21:23:47 [notice] 1#1: exit
2024/03/19 21:23:52 [notice] 1#1: using the "epoll" event method
2024/03/19 21:23:52 [notice] 1#1: nginx/1.25.4
2024/03/19 21:23:52 [notice] 1#1: built by gcc 12.2.1 20220924 (Alpine 12.2.1_git20220924-r10) 
2024/03/19 21:23:52 [notice] 1#1: OS: Linux 6.6.16-linuxkit
2024/03/19 21:23:52 [notice] 1#1: getrlimit(RLIMIT_NOFILE): 1048576:1048576
2024/03/19 21:23:52 [notice] 1#1: start worker processes
2024/03/19 21:23:52 [notice] 1#1: start worker process 29
2024/03/19 21:23:52 [notice] 1#1: start worker process 30
2024/03/19 21:23:52 [notice] 1#1: start worker process 31
2024/03/19 21:23:52 [notice] 1#1: start worker process 32
2024/03/19 21:23:52 [notice] 1#1: start worker process 33
2024/03/19 21:23:52 [notice] 1#1: start worker process 34
2024/03/19 21:23:52 [notice] 1#1: start worker process 35
2024/03/19 21:23:52 [notice] 1#1: start worker process 36
2024/03/19 21:49:06 [notice] 1#1: signal 3 (SIGQUIT) received, shutting down
2024/03/19 21:49:06 [notice] 29#29: gracefully shutting down
2024/03/19 21:49:06 [notice] 33#33: gracefully shutting down
2024/03/19 21:49:06 [notice] 34#34: gracefully shutting down
2024/03/19 21:49:06 [notice] 34#34: exiting
2024/03/19 21:49:06 [notice] 34#34: exit
2024/03/19 21:49:06 [notice] 36#36: gracefully shutting down
2024/03/19 21:49:06 [notice] 36#36: exiting
2024/03/19 21:49:06 [notice] 30#30: gracefully shutting down
2024/03/19 21:49:06 [notice] 35#35: gracefully shutting down
2024/03/19 21:49:06 [notice] 35#35: exiting
2024/03/19 21:49:06 [notice] 31#31: gracefully shutting down
2024/03/19 21:49:06 [notice] 31#31: exiting
2024/03/19 21:49:06 [notice] 32#32: gracefully shutting down
2024/03/19 21:49:06 [notice] 29#29: exiting
2024/03/19 21:49:06 [notice] 32#32: exiting
2024/03/19 21:49:06 [notice] 33#33: exiting
2024/03/19 21:49:06 [notice] 36#36: exit
2024/03/19 21:49:06 [notice] 30#30: exiting
2024/03/19 21:49:06 [notice] 30#30: exit
2024/03/19 21:49:06 [notice] 35#35: exit
2024/03/19 21:49:06 [notice] 31#31: exit
2024/03/19 21:49:06 [notice] 29#29: exit
2024/03/19 21:49:06 [notice] 1#1: signal 17 (SIGCHLD) received from 34
2024/03/19 21:49:06 [notice] 32#32: exit
2024/03/19 21:49:06 [notice] 33#33: exit
2024/03/19 21:49:06 [notice] 1#1: worker process 34 exited with code 0
2024/03/19 21:49:06 [notice] 1#1: signal 29 (SIGIO) received
2024/03/19 21:49:06 [notice] 1#1: signal 17 (SIGCHLD) received from 30
2024/03/19 21:49:06 [notice] 1#1: worker process 30 exited with code 0
2024/03/19 21:49:06 [notice] 1#1: worker process 36 exited with code 0
2024/03/19 21:49:06 [notice] 1#1: signal 29 (SIGIO) received
2024/03/19 21:49:06 [notice] 1#1: signal 17 (SIGCHLD) received from 36
2024/03/19 21:49:06 [notice] 1#1: worker process 29 exited with code 0
2024/03/19 21:49:06 [notice] 1#1: worker process 31 exited with code 0
2024/03/19 21:49:06 [notice] 1#1: worker process 35 exited with code 0
2024/03/19 21:49:06 [notice] 1#1: signal 29 (SIGIO) received
2024/03/19 21:49:06 [notice] 1#1: signal 17 (SIGCHLD) received from 29
2024/03/19 21:49:06 [notice] 1#1: signal 17 (SIGCHLD) received from 32
2024/03/19 21:49:06 [notice] 1#1: worker process 32 exited with code 0
2024/03/19 21:49:06 [notice] 1#1: signal 29 (SIGIO) received
2024/03/19 21:49:06 [notice] 1#1: signal 17 (SIGCHLD) received from 33
2024/03/19 21:49:06 [notice] 1#1: worker process 33 exited with code 0
2024/03/19 21:49:06 [notice] 1#1: exit
2024/03/19 21:49:36 [notice] 1#1: using the "epoll" event method
2024/03/19 21:49:36 [notice] 1#1: nginx/1.25.4
2024/03/19 21:49:36 [notice] 1#1: built by gcc 12.2.1 20220924 (Alpine 12.2.1_git20220924-r10) 
2024/03/19 21:49:36 [notice] 1#1: OS: Linux 6.6.16-linuxkit
2024/03/19 21:49:36 [notice] 1#1: getrlimit(RLIMIT_NOFILE): 1048576:1048576
2024/03/19 21:49:36 [notice] 1#1: start worker processes
2024/03/19 21:49:36 [notice] 1#1: start worker process 29
2024/03/19 21:49:36 [notice] 1#1: start worker process 30
2024/03/19 21:49:36 [notice] 1#1: start worker process 31
2024/03/19 21:49:36 [notice] 1#1: start worker process 32
2024/03/19 21:49:36 [notice] 1#1: start worker process 33
2024/03/19 21:49:36 [notice] 1#1: start worker process 34
2024/03/19 21:49:36 [notice] 1#1: start worker process 35
2024/03/19 21:49:36 [notice] 1#1: start worker process 36
2024/03/19 22:08:33 [notice] 1#1: signal 3 (SIGQUIT) received, shutting down
2024/03/19 22:08:33 [notice] 29#29: gracefully shutting down
2024/03/19 22:08:33 [notice] 29#29: exiting
2024/03/19 22:08:33 [notice] 30#30: gracefully shutting down
2024/03/19 22:08:33 [notice] 31#31: gracefully shutting down
2024/03/19 22:08:33 [notice] 33#33: gracefully shutting down
2024/03/19 22:08:33 [notice] 32#32: gracefully shutting down
2024/03/19 22:08:33 [notice] 36#36: gracefully shutting down
2024/03/19 22:08:33 [notice] 36#36: exiting
2024/03/19 22:08:33 [notice] 35#35: gracefully shutting down
2024/03/19 22:08:33 [notice] 35#35: exiting
2024/03/19 22:08:33 [notice] 34#34: gracefully shutting down
2024/03/19 22:08:33 [notice] 29#29: exit
2024/03/19 22:08:33 [notice] 30#30: exiting
2024/03/19 22:08:33 [notice] 30#30: exit
2024/03/19 22:08:33 [notice] 31#31: exiting
2024/03/19 22:08:33 [notice] 33#33: exiting
2024/03/19 22:08:33 [notice] 32#32: exiting
2024/03/19 22:08:33 [notice] 36#36: exit
2024/03/19 22:08:33 [notice] 32#32: exit
2024/03/19 22:08:33 [notice] 35#35: exit
2024/03/19 22:08:33 [notice] 34#34: exiting
2024/03/19 22:08:33 [notice] 31#31: exit
2024/03/19 22:08:33 [notice] 33#33: exit
2024/03/19 22:08:33 [notice] 34#34: exit
2024/03/19 22:08:33 [notice] 1#1: signal 17 (SIGCHLD) received from 30
2024/03/19 22:08:33 [notice] 1#1: worker process 30 exited with code 0
2024/03/19 22:08:33 [notice] 1#1: signal 29 (SIGIO) received
2024/03/19 22:08:33 [notice] 1#1: signal 17 (SIGCHLD) received from 36
2024/03/19 22:08:33 [notice] 1#1: worker process 29 exited with code 0
2024/03/19 22:08:33 [notice] 1#1: worker process 36 exited with code 0
2024/03/19 22:08:33 [notice] 1#1: signal 29 (SIGIO) received
2024/03/19 22:08:33 [notice] 1#1: signal 17 (SIGCHLD) received from 29
2024/03/19 22:08:33 [notice] 1#1: signal 17 (SIGCHLD) received from 35
2024/03/19 22:08:33 [notice] 1#1: worker process 31 exited with code 0
2024/03/19 22:08:33 [notice] 1#1: worker process 32 exited with code 0
2024/03/19 22:08:33 [notice] 1#1: worker process 33 exited with code 0
2024/03/19 22:08:33 [notice] 1#1: worker process 34 exited with code 0
2024/03/19 22:08:33 [notice] 1#1: worker process 35 exited with code 0
2024/03/19 22:08:33 [notice] 1#1: exit
2024/03/19 22:08:38 [notice] 1#1: using the "epoll" event method
2024/03/19 22:08:38 [notice] 1#1: nginx/1.25.4
2024/03/19 22:08:38 [notice] 1#1: built by gcc 12.2.1 20220924 (Alpine 12.2.1_git20220924-r10) 
2024/03/19 22:08:38 [notice] 1#1: OS: Linux 6.6.16-linuxkit
2024/03/19 22:08:38 [notice] 1#1: getrlimit(RLIMIT_NOFILE): 1048576:1048576
2024/03/19 22:08:38 [notice] 1#1: start worker processes
2024/03/19 22:08:38 [notice] 1#1: start worker process 29
2024/03/19 22:08:38 [notice] 1#1: start worker process 30
2024/03/19 22:08:38 [notice] 1#1: start worker process 31
2024/03/19 22:08:38 [notice] 1#1: start worker process 32
2024/03/19 22:08:38 [notice] 1#1: start worker process 33
2024/03/19 22:08:38 [notice] 1#1: start worker process 34
2024/03/19 22:08:38 [notice] 1#1: start worker process 35
2024/03/19 22:08:38 [notice] 1#1: start worker process 36
2024/03/19 22:11:23 [notice] 1#1: signal 3 (SIGQUIT) received, shutting down
2024/03/19 22:11:23 [notice] 31#31: gracefully shutting down
2024/03/19 22:11:23 [notice] 31#31: exiting
2024/03/19 22:11:23 [notice] 29#29: gracefully shutting down
2024/03/19 22:11:23 [notice] 29#29: exiting
2024/03/19 22:11:23 [notice] 32#32: gracefully shutting down
2024/03/19 22:11:23 [notice] 32#32: exiting
2024/03/19 22:11:23 [notice] 33#33: gracefully shutting down
2024/03/19 22:11:23 [notice] 33#33: exiting
2024/03/19 22:11:23 [notice] 35#35: gracefully shutting down
2024/03/19 22:11:23 [notice] 35#35: exiting
2024/03/19 22:11:23 [notice] 36#36: gracefully shutting down
2024/03/19 22:11:23 [notice] 36#36: exiting
2024/03/19 22:11:23 [notice] 34#34: gracefully shutting down
2024/03/19 22:11:23 [notice] 34#34: exiting
2024/03/19 22:11:23 [notice] 31#31: exit
2024/03/19 22:11:23 [notice] 34#34: exit
2024/03/19 22:11:23 [notice] 30#30: gracefully shutting down
2024/03/19 22:11:23 [notice] 29#29: exit
2024/03/19 22:11:23 [notice] 32#32: exit
2024/03/19 22:11:23 [notice] 33#33: exit
2024/03/19 22:11:23 [notice] 35#35: exit
2024/03/19 22:11:23 [notice] 36#36: exit
2024/03/19 22:11:23 [notice] 30#30: exiting
2024/03/19 22:11:23 [notice] 30#30: exit
2024/03/19 22:11:23 [notice] 1#1: signal 17 (SIGCHLD) received from 34
2024/03/19 22:11:23 [notice] 1#1: worker process 29 exited with code 0
2024/03/19 22:11:23 [notice] 1#1: worker process 31 exited with code 0
2024/03/19 22:11:23 [notice] 1#1: worker process 34 exited with code 0
2024/03/19 22:11:23 [notice] 1#1: signal 29 (SIGIO) received
2024/03/19 22:11:23 [notice] 1#1: signal 17 (SIGCHLD) received from 29
2024/03/19 22:11:23 [notice] 1#1: signal 17 (SIGCHLD) received from 32
2024/03/19 22:11:23 [notice] 1#1: worker process 32 exited with code 0
2024/03/19 22:11:23 [notice] 1#1: worker process 33 exited with code 0
2024/03/19 22:11:23 [notice] 1#1: worker process 36 exited with code 0
2024/03/19 22:11:23 [notice] 1#1: worker process 35 exited with code 0
2024/03/19 22:11:23 [notice] 1#1: worker process 30 exited with code 0
2024/03/19 22:11:31 [notice] 1#1: using the "epoll" event method
2024/03/19 22:11:31 [notice] 1#1: nginx/1.25.4
2024/03/19 22:11:31 [notice] 1#1: built by gcc 12.2.1 20220924 (Alpine 12.2.1_git20220924-r10) 
2024/03/19 22:11:31 [notice] 1#1: OS: Linux 6.6.16-linuxkit
2024/03/19 22:11:31 [notice] 1#1: getrlimit(RLIMIT_NOFILE): 1048576:1048576
2024/03/19 22:11:31 [notice] 1#1: start worker processes
2024/03/19 22:11:31 [notice] 1#1: start worker process 29
2024/03/19 22:11:31 [notice] 1#1: start worker process 30
2024/03/19 22:11:31 [notice] 1#1: start worker process 31
2024/03/19 22:11:31 [notice] 1#1: start worker process 32
2024/03/19 22:11:31 [notice] 1#1: start worker process 33
2024/03/19 22:11:31 [notice] 1#1: start worker process 34
2024/03/19 22:11:31 [notice] 1#1: start worker process 35
2024/03/19 22:11:31 [notice] 1#1: start worker process 36
2024/03/19 22:13:45 [notice] 1#1: signal 3 (SIGQUIT) received, shutting down
2024/03/19 22:13:45 [notice] 29#29: gracefully shutting down
2024/03/19 22:13:45 [notice] 29#29: exiting
2024/03/19 22:13:45 [notice] 33#33: gracefully shutting down
2024/03/19 22:13:45 [notice] 36#36: gracefully shutting down
2024/03/19 22:13:45 [notice] 36#36: exiting
2024/03/19 22:13:45 [notice] 30#30: gracefully shutting down
2024/03/19 22:13:45 [notice] 30#30: exiting
2024/03/19 22:13:45 [notice] 31#31: gracefully shutting down
2024/03/19 22:13:45 [notice] 31#31: exiting
2024/03/19 22:13:45 [notice] 32#32: gracefully shutting down
2024/03/19 22:13:45 [notice] 32#32: exiting
2024/03/19 22:13:45 [notice] 35#35: gracefully shutting down
2024/03/19 22:13:45 [notice] 35#35: exiting
2024/03/19 22:13:45 [notice] 34#34: gracefully shutting down
2024/03/19 22:13:45 [notice] 29#29: exit
2024/03/19 22:13:45 [notice] 33#33: exiting
2024/03/19 22:13:45 [notice] 36#36: exit
2024/03/19 22:13:45 [notice] 33#33: exit
2024/03/19 22:13:45 [notice] 30#30: exit
2024/03/19 22:13:45 [notice] 31#31: exit
2024/03/19 22:13:45 [notice] 32#32: exit
2024/03/19 22:13:45 [notice] 35#35: exit
2024/03/19 22:13:45 [notice] 34#34: exiting
2024/03/19 22:13:45 [notice] 34#34: exit
2024/03/19 22:13:45 [notice] 1#1: signal 17 (SIGCHLD) received from 29
2024/03/19 22:13:45 [notice] 1#1: worker process 29 exited with code 0
2024/03/19 22:13:45 [notice] 1#1: worker process 36 exited with code 0
2024/03/19 22:13:45 [notice] 1#1: worker process 30 exited with code 0
2024/03/19 22:13:45 [notice] 1#1: worker process 31 exited with code 0
2024/03/19 22:13:45 [notice] 1#1: signal 29 (SIGIO) received
2024/03/19 22:13:45 [notice] 1#1: signal 17 (SIGCHLD) received from 36
2024/03/19 22:13:45 [notice] 1#1: worker process 33 exited with code 0
2024/03/19 22:13:45 [notice] 1#1: signal 29 (SIGIO) received
2024/03/19 22:13:45 [notice] 1#1: signal 17 (SIGCHLD) received from 33
2024/03/19 22:13:45 [notice] 1#1: signal 17 (SIGCHLD) received from 32
2024/03/19 22:13:45 [notice] 1#1: worker process 32 exited with code 0
2024/03/19 22:13:45 [notice] 1#1: worker process 35 exited with code 0
2024/03/19 22:13:45 [notice] 1#1: signal 29 (SIGIO) received
2024/03/19 22:13:45 [notice] 1#1: signal 17 (SIGCHLD) received from 35
2024/03/19 22:13:45 [notice] 1#1: worker process 34 exited with code 0
2024/03/19 22:13:45 [notice] 1#1: exit
2024/03/19 22:13:54 [notice] 1#1: using the "epoll" event method
2024/03/19 22:13:54 [notice] 1#1: nginx/1.25.4
2024/03/19 22:13:54 [notice] 1#1: built by gcc 12.2.1 20220924 (Alpine 12.2.1_git20220924-r10) 
2024/03/19 22:13:54 [notice] 1#1: OS: Linux 6.6.16-linuxkit
2024/03/19 22:13:54 [notice] 1#1: getrlimit(RLIMIT_NOFILE): 1048576:1048576
2024/03/19 22:13:54 [notice] 1#1: start worker processes
2024/03/19 22:13:54 [notice] 1#1: start worker process 29
2024/03/19 22:13:54 [notice] 1#1: start worker process 30
2024/03/19 22:13:54 [notice] 1#1: start worker process 31
2024/03/19 22:13:54 [notice] 1#1: start worker process 32
2024/03/19 22:13:54 [notice] 1#1: start worker process 33
2024/03/19 22:13:54 [notice] 1#1: start worker process 34
2024/03/19 22:13:54 [notice] 1#1: start worker process 35
2024/03/19 22:13:54 [notice] 1#1: start worker process 36
2024/03/19 22:14:31 [notice] 1#1: signal 3 (SIGQUIT) received, shutting down
2024/03/19 22:14:31 [notice] 32#32: gracefully shutting down
2024/03/19 22:14:31 [notice] 33#33: gracefully shutting down
2024/03/19 22:14:31 [notice] 35#35: gracefully shutting down
2024/03/19 22:14:31 [notice] 35#35: exiting
2024/03/19 22:14:31 [notice] 34#34: gracefully shutting down
2024/03/19 22:14:31 [notice] 34#34: exiting
2024/03/19 22:14:31 [notice] 34#34: exit
2024/03/19 22:14:31 [notice] 29#29: gracefully shutting down
2024/03/19 22:14:31 [notice] 36#36: gracefully shutting down
2024/03/19 22:14:31 [notice] 31#31: gracefully shutting down
2024/03/19 22:14:31 [notice] 30#30: gracefully shutting down
2024/03/19 22:14:31 [notice] 32#32: exiting
2024/03/19 22:14:31 [notice] 33#33: exiting
2024/03/19 22:14:31 [notice] 33#33: exit
2024/03/19 22:14:31 [notice] 35#35: exit
2024/03/19 22:14:31 [notice] 36#36: exiting
2024/03/19 22:14:31 [notice] 31#31: exiting
2024/03/19 22:14:31 [notice] 29#29: exiting
2024/03/19 22:14:31 [notice] 29#29: exit
2024/03/19 22:14:31 [notice] 30#30: exiting
2024/03/19 22:14:31 [notice] 32#32: exit
2024/03/19 22:14:31 [notice] 36#36: exit
2024/03/19 22:14:31 [notice] 31#31: exit
2024/03/19 22:14:31 [notice] 30#30: exit
2024/03/19 22:14:31 [notice] 1#1: signal 17 (SIGCHLD) received from 35
2024/03/19 22:14:31 [notice] 1#1: worker process 32 exited with code 0
2024/03/19 22:14:31 [notice] 1#1: worker process 33 exited with code 0
2024/03/19 22:14:31 [notice] 1#1: worker process 34 exited with code 0
2024/03/19 22:14:31 [notice] 1#1: worker process 35 exited with code 0
2024/03/19 22:14:31 [notice] 1#1: worker process 36 exited with code 0
2024/03/19 22:14:31 [notice] 1#1: worker process 29 exited with code 0
2024/03/19 22:14:31 [notice] 1#1: signal 29 (SIGIO) received
2024/03/19 22:14:31 [notice] 1#1: signal 17 (SIGCHLD) received from 32
2024/03/19 22:14:31 [notice] 1#1: worker process 30 exited with code 0
2024/03/19 22:14:31 [notice] 1#1: worker process 31 exited with code 0
2024/03/19 22:14:31 [notice] 1#1: exit
